<?xml version="1.0" encoding="UTF-8"?>
<robot generator="Robot 7.4.2 (Python 3.10.12 on linux)" generated="2026-07-13T13:57:25.353008" rpa="false" schemaversion="5">
<suite id="s1" name="Login Bad" source="/home/pfe2026/ai-code-review-stage/dataset/bad/login_bad.robot">
<test id="s1-t1" name="Login" line="10">
<kw name="Open Browser" owner="SeleniumLibrary">
<arg>${URL}</arg>
<arg>chrome</arg>
<doc>Opens a new browser instance to the optional ``url``.</doc>
<status status="NOT RUN" start="2026-07-13T13:57:25.589581" elapsed="0.000148"/>
</kw>
<kw name="Sleep" owner="BuiltIn">
<arg>10s</arg>
<doc>Pauses the test executed for the given time.</doc>
<status status="NOT RUN" start="2026-07-13T13:57:25.589966" elapsed="0.000334"/>
</kw>
<kw name="Input Text" owner="SeleniumLibrary">
<arg>id=username</arg>
<arg>admin</arg>
<doc>Types the given ``text`` into the text field identified by ``locator``.</doc>
<status status="NOT RUN" start="2026-07-13T13:57:25.590510" elapsed="0.000352"/>
</kw>
<kw name="Input Text" owner="SeleniumLibrary">
<arg>id=password</arg>
<arg>admin123</arg>
<doc>Types the given ``text`` into the text field identified by ``locator``.</doc>
<status status="NOT RUN" start="2026-07-13T13:57:25.591048" elapsed="0.000192"/>
</kw>
<kw name="Click Button" owner="SeleniumLibrary">
<arg>Login</arg>
<doc>Clicks the button identified by ``locator``.</doc>
<status status="NOT RUN" start="2026-07-13T13:57:25.591444" elapsed="0.000178"/>
</kw>
<kw name="Close Browser" owner="SeleniumLibrary">
<doc>Closes the current browser.</doc>
<status status="NOT RUN" start="2026-07-13T13:57:25.591815" elapsed="0.000081"/>
</kw>
<status status="PASS" start="2026-07-13T13:57:25.588234" elapsed="0.003900"/>
</test>
<status status="PASS" start="2026-07-13T13:57:25.354015" elapsed="0.238608"/>
</suite>
<statistics>
<total>
<stat pass="1" fail="0" skip="0">All Tests</stat>
</total>
<tag>
</tag>
<suite>
<stat name="Login Bad" id="s1" pass="1" fail="0" skip="0">Login Bad</stat>
</suite>
</statistics>
<errors>
</errors>
</robot>
